11-May-2020 21:58:04.732 INFO [main] org.apache.catalina.startup.VersionLoggerListener.log Server version name:   Apache Tomcat/9.0.30
11-May-2020 21:58:04.738 INFO [main] org.apache.catalina.startup.VersionLoggerListener.log Server built:          Dec 7 2019 16:42:04 UTC
11-May-2020 21:58:04.738 INFO [main] org.apache.catalina.startup.VersionLoggerListener.log Server version number: 9.0.30.0
11-May-2020 21:58:04.738 INFO [main] org.apache.catalina.startup.VersionLoggerListener.log OS Name:               Windows 10
11-May-2020 21:58:04.738 INFO [main] org.apache.catalina.startup.VersionLoggerListener.log OS Version:            10.0
11-May-2020 21:58:04.738 INFO [main] org.apache.catalina.startup.VersionLoggerListener.log Architecture:          amd64
11-May-2020 21:58:04.739 INFO [main] org.apache.catalina.startup.VersionLoggerListener.log Java Home:             C:\Program Files\Java\jdk-11.0.6
11-May-2020 21:58:04.739 INFO [main] org.apache.catalina.startup.VersionLoggerListener.log JVM Version:           11.0.6+8-LTS
11-May-2020 21:58:04.739 INFO [main] org.apache.catalina.startup.VersionLoggerListener.log JVM Vendor:            Oracle Corporation
11-May-2020 21:58:04.739 INFO [main] org.apache.catalina.startup.VersionLoggerListener.log CATALINA_BASE:         C:\Users\dyeni\Desktop\MPP\Lab11\Tomcat\apache-tomcat-9.0.30
11-May-2020 21:58:04.739 INFO [main] org.apache.catalina.startup.VersionLoggerListener.log CATALINA_HOME:         C:\Users\dyeni\Desktop\MPP\Lab11\Tomcat\apache-tomcat-9.0.30
11-May-2020 21:58:04.754 INFO [main] org.apache.catalina.startup.VersionLoggerListener.log Command line argument: --add-opens=java.base/java.lang=ALL-UNNAMED
11-May-2020 21:58:04.754 INFO [main] org.apache.catalina.startup.VersionLoggerListener.log Command line argument: --add-opens=java.base/java.io=ALL-UNNAMED
11-May-2020 21:58:04.754 INFO [main] org.apache.catalina.startup.VersionLoggerListener.log Command line argument: --add-opens=java.rmi/sun.rmi.transport=ALL-UNNAMED
11-May-2020 21:58:04.755 INFO [main] org.apache.catalina.startup.VersionLoggerListener.log Command line argument: -Djava.util.logging.config.file=C:/Users/dyeni/Desktop/MPP/Lab11/Tomcat/apache-tomcat-9.0.30/conf/logging.properties
11-May-2020 21:58:04.755 INFO [main] org.apache.catalina.startup.VersionLoggerListener.log Command line argument: -Djava.util.logging.manager=org.apache.juli.ClassLoaderLogManager
11-May-2020 21:58:04.755 INFO [main] org.apache.catalina.startup.VersionLoggerListener.log Command line argument: -Djdk.tls.ephemeralDHKeySize=2048
11-May-2020 21:58:04.755 INFO [main] org.apache.catalina.startup.VersionLoggerListener.log Command line argument: -Djava.protocol.handler.pkgs=org.apache.catalina.webresources
11-May-2020 21:58:04.756 INFO [main] org.apache.catalina.startup.VersionLoggerListener.log Command line argument: -Dorg.apache.catalina.security.SecurityListener.UMASK=0027
11-May-2020 21:58:04.756 INFO [main] org.apache.catalina.startup.VersionLoggerListener.log Command line argument: -Dignore.endorsed.dirs=
11-May-2020 21:58:04.756 INFO [main] org.apache.catalina.startup.VersionLoggerListener.log Command line argument: -Dcatalina.base=C:/Users/dyeni/Desktop/MPP/Lab11/Tomcat/apache-tomcat-9.0.30
11-May-2020 21:58:04.756 INFO [main] org.apache.catalina.startup.VersionLoggerListener.log Command line argument: -Dcatalina.home=C:/Users/dyeni/Desktop/MPP/Lab11/Tomcat/apache-tomcat-9.0.30
11-May-2020 21:58:04.756 INFO [main] org.apache.catalina.startup.VersionLoggerListener.log Command line argument: -Djava.io.tmpdir=C:/Users/dyeni/Desktop/MPP/Lab11/Tomcat/apache-tomcat-9.0.30/temp
11-May-2020 21:58:04.756 INFO [main] org.apache.catalina.core.AprLifecycleListener.lifecycleEvent The APR based Apache Tomcat Native library which allows optimal performance in production environments was not found on the java.library.path: [C:\Program Files\Java\jdk-11.0.6\bin;C:\WINDOWS\Sun\Java\bin;C:\WINDOWS\system32;C:\WINDOWS;C:\Users\dyeni\bin;C:\Program Files\Git\mingw64\bin;C:\Program Files\Git\usr\local\bin;C:\Program Files\Git\usr\bin;C:\Program Files\Git\usr\bin;C:\Program Files\Git\mingw64\bin;C:\Program Files\Git\usr\bin;C:\Users\dyeni\bin;C:\Program Files (x86)\Common Files\Oracle\Java\javapath;C:\Windows\system32;C:\Windows;C:\Windows\System32\Wbem;C:\Windows\System32\WindowsPowerShell\v1.0;C:\Windows\System32\OpenSSH;C:\Program Files (x86)\NVIDIA Corporation\PhysX\Common;C:\Program Files\NVIDIA Corporation\NVIDIA NvDLISR;C:\Program Files\Microsoft SQL Server\Client SDK\ODBC\130\Tools\Binn;C:\Program Files (x86)\Microsoft SQL Server\140\Tools\Binn;C:\Program Files\Microsoft SQL Server\140\Tools\Binn;C:\Program Files\Microsoft SQL Server\140\DTS\Binn;C:\Program Files (x86)\Microsoft SQL Server\150\DTS\Binn;E:\Matlab2018\runtime\win64;E:\Matlab2018\bin;C:\Program Files\dotnet;C:\Program Files\Microsoft SQL Server\130\Tools\Binn;C:\Program Files\Microsoft SQL Server\Client SDK\ODBC\170\Tools\Binn;C:\Program Files\Java\jdk-11.0.6\bin;C:\WINDOWS\system32;C:\WINDOWS;C:\WINDOWS\System32\Wbem;C:\WINDOWS\System32\WindowsPowerShell\v1.0;C:\WINDOWS\System32\OpenSSH;C:\Program Files\Git\cmd;C:\Program Files\nodejs;C:\Program Files\MySQL\MySQL Shell 8.0\bin;C:\Users\dyeni\AppData\Local\Microsoft\WindowsApps;C:\OJI\FP\bin\i386-Win32;C:\Program Files (x86)\clisp-2.49;C:\Program Files\JetBrains\IntelliJ IDEA 2019.3.4\bin;C:\Users\dyeni\AppData\Roaming\npm;C:\Program Files\Git\usr\bin\vendor_perl;C:\Program Files\Git\usr\bin\core_perl;.]
11-May-2020 21:58:05.090 INFO [main] org.apache.coyote.AbstractProtocol.init Initializing ProtocolHandler ["http-nio-8080"]
11-May-2020 21:58:05.473 INFO [main] org.apache.coyote.AbstractProtocol.init Initializing ProtocolHandler ["ajp-nio-8009"]
11-May-2020 21:58:05.477 INFO [main] org.apache.catalina.startup.Catalina.load Server initialization in [1,187] milliseconds
11-May-2020 21:58:05.737 INFO [main] org.apache.catalina.core.StandardService.startInternal Starting core.service [Catalina]
11-May-2020 21:58:05.737 INFO [main] org.apache.catalina.core.StandardEngine.startInternal Starting Servlet engine: [Apache Tomcat/9.0.30]
11-May-2020 21:58:05.773 INFO [main] org.apache.catalina.startup.HostConfig.deployDirectory Deploying web application directory [C:\Users\dyeni\Desktop\MPP\Lab11\Tomcat\apache-tomcat-9.0.30\webapps\docs]
11-May-2020 21:58:07.066 WARNING [main] org.apache.catalina.util.SessionIdGeneratorBase.createSecureRandom Creation of SecureRandom instance for session ID generation using [SHA1PRNG] took [258] milliseconds.
11-May-2020 21:58:07.124 INFO [main] org.apache.catalina.startup.HostConfig.deployDirectory Deployment of web application directory [C:\Users\dyeni\Desktop\MPP\Lab11\Tomcat\apache-tomcat-9.0.30\webapps\docs] has finished in [1,351] ms
11-May-2020 21:58:07.125 INFO [main] org.apache.catalina.startup.HostConfig.deployDirectory Deploying web application directory [C:\Users\dyeni\Desktop\MPP\Lab11\Tomcat\apache-tomcat-9.0.30\webapps\examples]
11-May-2020 21:58:09.068 INFO [main] org.apache.catalina.startup.HostConfig.deployDirectory Deployment of web application directory [C:\Users\dyeni\Desktop\MPP\Lab11\Tomcat\apache-tomcat-9.0.30\webapps\examples] has finished in [1,943] ms
11-May-2020 21:58:09.070 INFO [main] org.apache.catalina.startup.HostConfig.deployDirectory Deploying web application directory [C:\Users\dyeni\Desktop\MPP\Lab11\Tomcat\apache-tomcat-9.0.30\webapps\host-manager]
11-May-2020 21:58:09.170 INFO [main] org.apache.catalina.startup.HostConfig.deployDirectory Deployment of web application directory [C:\Users\dyeni\Desktop\MPP\Lab11\Tomcat\apache-tomcat-9.0.30\webapps\host-manager] has finished in [100] ms
11-May-2020 21:58:09.171 INFO [main] org.apache.catalina.startup.HostConfig.deployDirectory Deploying web application directory [C:\Users\dyeni\Desktop\MPP\Lab11\Tomcat\apache-tomcat-9.0.30\webapps\manager]
11-May-2020 21:58:09.248 INFO [main] org.apache.catalina.startup.HostConfig.deployDirectory Deployment of web application directory [C:\Users\dyeni\Desktop\MPP\Lab11\Tomcat\apache-tomcat-9.0.30\webapps\manager] has finished in [77] ms
11-May-2020 21:58:09.249 INFO [main] org.apache.catalina.startup.HostConfig.deployDirectory Deploying web application directory [C:\Users\dyeni\Desktop\MPP\Lab11\Tomcat\apache-tomcat-9.0.30\webapps\ROOT]
11-May-2020 21:58:23.794 INFO [main] org.apache.jasper.servlet.TldScanner.scanJars At least one JAR was scanned for TLDs yet contained no TLDs. Enable debug logging for this logger for a complete list of JARs that were scanned but no TLDs were found in them. Skipping unneeded JARs during scanning can improve startup time and JSP compilation time.
11-May-2020 21:58:47.014 INFO [main] org.apache.catalina.startup.HostConfig.deployDirectory Deployment of web application directory [C:\Users\dyeni\Desktop\MPP\Lab11\Tomcat\apache-tomcat-9.0.30\webapps\ROOT] has finished in [37,765] ms
11-May-2020 21:58:47.021 INFO [main] org.apache.coyote.AbstractProtocol.start Starting ProtocolHandler ["http-nio-8080"]
11-May-2020 21:58:47.034 INFO [main] org.apache.coyote.AbstractProtocol.start Starting ProtocolHandler ["ajp-nio-8009"]
11-May-2020 21:58:47.037 INFO [main] org.apache.catalina.startup.Catalina.start Server startup in [41,559] milliseconds
11-May-2020 22:10:31.407 INFO [main] org.apache.catalina.core.StandardServer.await A valid shutdown command was received via the shutdown port. Stopping the Server instance.
11-May-2020 22:10:31.408 INFO [main] org.apache.coyote.AbstractProtocol.pause Pausing ProtocolHandler ["http-nio-8080"]
11-May-2020 22:10:31.655 INFO [main] org.apache.coyote.AbstractProtocol.pause Pausing ProtocolHandler ["ajp-nio-8009"]
11-May-2020 22:10:31.839 INFO [main] org.apache.catalina.core.StandardService.stopInternal Stopping core.service [Catalina]
11-May-2020 22:10:31.855 WARNING [main] org.apache.catalina.loader.WebappClassLoaderBase.clearReferencesJdbc The web application [ROOT] registered the JDBC driver [org.postgresql.Driver] but failed to unregister it when the web application was stopped. To prevent a memory leak, the JDBC Driver has been forcibly unregistered.
11-May-2020 22:10:31.875 INFO [main] org.apache.coyote.AbstractProtocol.stop Stopping ProtocolHandler ["http-nio-8080"]
11-May-2020 22:10:31.877 INFO [main] org.apache.coyote.AbstractProtocol.stop Stopping ProtocolHandler ["ajp-nio-8009"]
11-May-2020 22:10:31.879 INFO [main] org.apache.coyote.AbstractProtocol.destroy Destroying ProtocolHandler ["http-nio-8080"]
11-May-2020 22:10:31.880 INFO [main] org.apache.coyote.AbstractProtocol.destroy Destroying ProtocolHandler ["ajp-nio-8009"]
