2020-04-23T11:02:11,750 WARN  [main]: AnnotationConfigApplicationContext   - Exception encountered during context initialization - cancelling refresh attempt: org.springframework.beans.factory.UnsatisfiedDependencyException: Error creating bean with name 'serviceClient': Unsatisfied dependency expressed through field 'repositoryMovie'; nested exception is org.springframework.beans.factory.BeanCreationException: Error creating bean with name 'sortingRepository': Invocation of init method failed; nested exception is java.lang.IllegalArgumentException: Not a managed type: class springjpa.domain.BaseEntity 
2020-04-23T11:05:20,506 WARN  [main]: AnnotationConfigApplicationContext   - Exception encountered during context initialization - cancelling refresh attempt: org.springframework.beans.factory.UnsatisfiedDependencyException: Error creating bean with name 'serviceClient': Unsatisfied dependency expressed through field 'repositoryMovie'; nested exception is org.springframework.beans.factory.BeanCreationException: Error creating bean with name 'sortingRepository': Invocation of init method failed; nested exception is java.lang.IllegalArgumentException: Not a managed type: class springjpa.domain.BaseEntity 
2020-04-23T11:06:51,183 WARN  [main]: AnnotationConfigApplicationContext   - Exception encountered during context initialization - cancelling refresh attempt: org.springframework.beans.factory.UnsatisfiedDependencyException: Error creating bean with name 'serviceClient': Unsatisfied dependency expressed through field 'repositoryMovie'; nested exception is org.springframework.beans.factory.BeanCreationException: Error creating bean with name 'sortingRepository': Invocation of init method failed; nested exception is java.lang.IllegalArgumentException: Not a managed type: class springjpa.domain.BaseEntity 
2020-04-23T11:08:01,692 WARN  [main]: AnnotationConfigApplicationContext   - Exception encountered during context initialization - cancelling refresh attempt: org.springframework.beans.factory.UnsatisfiedDependencyException: Error creating bean with name 'serviceClient': Unsatisfied dependency expressed through field 'repositoryMovie'; nested exception is org.springframework.beans.factory.BeanCreationException: Error creating bean with name 'sortingRepository': Invocation of init method failed; nested exception is java.lang.IllegalArgumentException: Not a managed type: class springjpa.domain.BaseEntity 
2020-04-23T11:15:19,590 WARN  [main]: AnnotationConfigApplicationContext   - Exception encountered during context initialization - cancelling refresh attempt: org.springframework.beans.factory.UnsatisfiedDependencyException: Error creating bean with name 'serviceClient': Unsatisfied dependency expressed through field 'repositoryMovie'; nested exception is org.springframework.beans.factory.BeanCreationException: Error creating bean with name 'movieRepository': Invocation of init method failed; nested exception is java.lang.IllegalArgumentException: Not a managed type: class springjpa.domain.Movie 
2020-04-23T11:23:12,260 WARN  [main]: AnnotationConfigApplicationContext   - Exception encountered during context initialization - cancelling refresh attempt: org.springframework.beans.factory.UnsatisfiedDependencyException: Error creating bean with name 'serviceClient': Unsatisfied dependency expressed through field 'repositoryMovie'; nested exception is org.springframework.beans.factory.BeanCreationException: Error creating bean with name 'movieRepository': Invocation of init method failed; nested exception is java.lang.IllegalArgumentException: Not a managed type: class springjpa.domain.Movie 
2020-04-23T11:28:17,963 WARN  [main]: AnnotationConfigApplicationContext   - Exception encountered during context initialization - cancelling refresh attempt: org.springframework.beans.factory.UnsatisfiedDependencyException: Error creating bean with name 'serviceClient': Unsatisfied dependency expressed through field 'repositoryMovie'; nested exception is org.springframework.beans.factory.BeanCreationException: Error creating bean with name 'movieRepository': Invocation of init method failed; nested exception is java.lang.IllegalArgumentException: Not a managed type: class springjpa.domain.Movie 
2020-04-23T11:28:25,039 WARN  [main]: AnnotationConfigApplicationContext   - Exception encountered during context initialization - cancelling refresh attempt: org.springframework.beans.factory.UnsatisfiedDependencyException: Error creating bean with name 'serviceClient': Unsatisfied dependency expressed through field 'repositoryMovie'; nested exception is org.springframework.beans.factory.BeanCreationException: Error creating bean with name 'movieRepository': Invocation of init method failed; nested exception is java.lang.IllegalArgumentException: Not a managed type: class springjpa.domain.Movie 
2020-04-27T11:46:29,546 TRACE [main]: ServiceClient                        - Service - getAllMovies --- method entered 
2020-04-27T20:03:56,264 TRACE [main]: ServiceClient                        - Service - getAllMovies --- method entered 
2020-04-27T20:03:57,753 TRACE [main]: ServiceClient                        - Service - getAllMovies --- movies = [Movie{id='2', title='incercare', genre='moare', year=2005}, Movie{id='1', title='aolo', genre='merge', year=2001}] 
2020-04-27T20:04:37,839 TRACE [main]: ServiceClient                        - Service - addMovie --- method entered 
2020-04-27T20:04:37,966 TRACE [main]: ServiceClient                        - Service - addMovie --- result = Movie{id='1', title='1', genre='1', year=1999} 
2020-04-27T20:05:28,866 TRACE [main]: ServiceClient                        - Service - getAllMovies --- method entered 
2020-04-27T20:05:28,872 TRACE [main]: ServiceClient                        - Service - getAllMovies --- movies = [Movie{id='1', title='1', genre='1', year=1999}, Movie{id='2', title='incercare', genre='moare', year=2005}] 
2020-04-27T20:07:56,399 TRACE [main]: ServiceClient                        - Service - addMovie --- method entered 
2020-04-27T20:07:56,485 TRACE [main]: ServiceClient                        - Service - addMovie --- result = Movie{id='1', title='1', genre='1', year=1999} 
2020-04-27T20:08:13,406 TRACE [main]: ServiceClient                        - Service - getAllMovies --- method entered 
2020-04-27T20:08:13,581 TRACE [main]: ServiceClient                        - Service - getAllMovies --- movies = [Movie{id='1', title='1', genre='1', year=1999}, Movie{id='2', title='incercare', genre='moare', year=2005}] 
2020-04-27T20:08:28,412 TRACE [main]: ServiceClient                        - Service - addMovie --- method entered 
2020-04-27T20:08:28,416 TRACE [main]: ServiceClient                        - Service - addMovie --- result = Movie{id='3', title='3', genre='3', year=2000} 
2020-04-27T20:23:58,579 TRACE [main]: ServiceClient                        - Service - getAllMovies --- method entered 
2020-04-27T20:23:58,842 TRACE [main]: ServiceClient                        - Service - getAllMovies --- movies = [Movie{id='3', title='3', genre='3', year=2000}, Movie{id='1', title='1', genre='1', year=1999}, Movie{id='2', title='incercare', genre='moare', year=2005}] 
2020-04-27T20:24:31,595 TRACE [main]: ServiceClient                        - Service - deleteMovie --- method entered 
2020-04-27T20:24:32,042 TRACE [main]: ServiceClient                        - Service - deleteMovie --- delete successful, id = 2 
2020-04-27T20:24:53,609 TRACE [main]: ServiceClient                        - Service - getAllMovies --- method entered 
2020-04-27T20:24:53,613 TRACE [main]: ServiceClient                        - Service - getAllMovies --- movies = [Movie{id='1', title='1', genre='1', year=1999}, Movie{id='3', title='3', genre='3', year=2000}] 
2020-04-27T20:25:01,612 TRACE [main]: ServiceClient                        - Service - deleteMovie --- method entered 
2020-04-27T20:26:29,684 TRACE [main]: ServiceClient                        - Service - addMovie --- method entered 
2020-04-27T20:26:29,689 TRACE [main]: ServiceClient                        - Service - addMovie --- result = Movie{id='5', title='15', genre='15', year=1} 
2020-04-27T20:31:41,634 TRACE [main]: ServiceClient                        - Service - getAllMovies --- method entered 
2020-04-27T20:31:41,885 TRACE [main]: ServiceClient                        - Service - getAllMovies --- movies = [Movie{id='5', title='15', genre='15', year=1}, Movie{id='3', title='3', genre='3', year=2000}, Movie{id='1', title='1', genre='1', year=1999}] 
2020-04-27T20:31:53,633 TRACE [main]: ServiceClient                        - Service - deleteMovie --- method entered 
2020-04-27T20:31:53,686 TRACE [main]: ServiceClient                        - Service - deleteMovie --- delete successful, id = 5 
2020-04-27T20:32:06,638 TRACE [main]: ServiceClient                        - Service - addMovie --- method entered 
2020-04-27T20:32:13,642 TRACE [main]: ServiceClient                        - Service - getAllMovies --- method entered 
2020-04-27T20:32:13,645 TRACE [main]: ServiceClient                        - Service - getAllMovies --- movies = [Movie{id='1', title='1', genre='1', year=1999}, Movie{id='3', title='3', genre='3', year=2000}] 
2020-04-27T20:32:31,649 TRACE [main]: ServiceClient                        - Service - updateMovie --- method entered 
2020-04-27T20:32:31,670 TRACE [main]: ServiceClient                        - Service - updateMovie --- movie updated successfuly. 
old movie = Movie{id='3', title='2', genre='2', year=2000} 
2020-04-27T20:32:45,656 TRACE [main]: ServiceClient                        - Service - getAllMovies --- method entered 
2020-04-27T20:32:45,665 TRACE [main]: ServiceClient                        - Service - getAllMovies --- movies = [Movie{id='3', title='2', genre='2', year=2000}, Movie{id='1', title='1', genre='1', year=1999}] 
2020-04-27T20:37:04,798 TRACE [main]: ServiceClient                        - Service - getAllRents --- method entered 
2020-04-27T20:37:04,803 TRACE [main]: ServiceClient                        - Service - getAllRents --- movies = [Rent{id=1,, movieId=1, clientId=1}] 
2020-04-27T20:37:11,802 TRACE [main]: ServiceClient                        - Service - getAllMovies --- method entered 
2020-04-27T20:37:11,806 TRACE [main]: ServiceClient                        - Service - getAllMovies --- movies = [Movie{id='1', title='1', genre='1', year=1999}, Movie{id='3', title='2', genre='2', year=2000}] 
2020-04-27T20:37:17,804 TRACE [main]: ServiceClient                        - Service - deleteMovie --- method entered 
2020-04-27T20:37:17,815 TRACE [main]: ServiceClient                        - Service - deleteMovie --- delete successful, id = 1 
2020-04-27T20:37:35,814 TRACE [main]: ServiceClient                        - Service - getAllRents --- method entered 
2020-04-27T20:37:35,818 TRACE [main]: ServiceClient                        - Service - getAllRents --- movies = [] 
2020-04-27T20:37:47,820 TRACE [main]: ServiceClient                        - Service - getSortedMovies --- method entered 
2020-04-27T20:37:47,834 TRACE [main]: ServiceClient                        - Service - getSortedMovies --- movies = [Movie{id='3', title='2', genre='2', year=2000}] 
2020-04-28T18:11:00,424 TRACE [main]: ServiceClient                        - Service - getAllMovies --- method entered 
2020-04-28T18:11:01,179 TRACE [main]: ServiceClient                        - Service - getAllMovies --- movies = [Movie{id='3', title='2', genre='2', year=2000}] 
